<?xml version="1.0" encoding="UTF-8"?>
<Site BuildName="(empty)"
	BuildStamp="20251104-1110-Experimental"
	Name="ubuntu22"
	Generator="ctest-3.22.1"
	CompilerName="/usr/bin/c++"
	CompilerVersion="11.4.0"
	OSName="Linux"
	Hostname="ubuntu22"
	OSRelease="6.8.0-85-generic"
	OSVersion="#85~22.04.1-Ubuntu SMP PREEMPT_DYNAMIC Fri Sep 19 16:18:59 UTC 2"
	OSPlatform="x86_64"
	Is64Bits="1"
	VendorString="GenuineIntel"
	VendorID="Intel Corporation"
	FamilyID="6"
	ModelID="186"
	ProcessorCacheSize="12288"
	NumberOfLogicalCPU="4"
	NumberOfPhysicalCPU="4"
	TotalVirtualMemory="2047"
	TotalPhysicalMemory="7941"
	LogicalProcessorsPerPhysical="1"
	ProcessorClockFrequency="2611.2"
	>
	<Testing>
		<StartDateTime>Nov 04 20:10 KST</StartDateTime>
		<StartTestTime>1762254610</StartTestTime>
		<TestList>
			<Test>./tutorial_01_test</Test>
		</TestList>
		<Test Status="passed">
			<Name>tutorial_01_test</Name>
			<Path>.</Path>
			<FullName>./tutorial_01_test</FullName>
			<FullCommandLine>/usr/bin/python3 "-u" "/opt/ros/humble/share/ament_cmake_test/cmake/run_test.py" "/home/ubuntu/ros2_study/gtest/tutorials/tutorial_01/build/tutorial_01/test_results/tutorial_01/tutorial_01_test.gtest.xml" "--package-name" "tutorial_01" "--output-file" "/home/ubuntu/ros2_study/gtest/tutorials/tutorial_01/build/tutorial_01/ament_cmake_gtest/tutorial_01_test.txt" "--command" "/home/ubuntu/ros2_study/gtest/tutorials/tutorial_01/build/tutorial_01/tutorial_01_test" "--gtest_output=xml:/home/ubuntu/ros2_study/gtest/tutorials/tutorial_01/build/tutorial_01/test_results/tutorial_01/tutorial_01_test.gtest.xml"</FullCommandLine>
			<Results>
				<NamedMeasurement type="numeric/double" name="Execution Time">
					<Value>0.104961</Value>
				</NamedMeasurement>
				<NamedMeasurement type="numeric/double" name="Processors">
					<Value>1</Value>
				</NamedMeasurement>
				<NamedMeasurement type="text/string" name="Completion Status">
					<Value>Completed</Value>
				</NamedMeasurement>
				<NamedMeasurement type="text/string" name="Command Line">
					<Value>/usr/bin/python3 "-u" "/opt/ros/humble/share/ament_cmake_test/cmake/run_test.py" "/home/ubuntu/ros2_study/gtest/tutorials/tutorial_01/build/tutorial_01/test_results/tutorial_01/tutorial_01_test.gtest.xml" "--package-name" "tutorial_01" "--output-file" "/home/ubuntu/ros2_study/gtest/tutorials/tutorial_01/build/tutorial_01/ament_cmake_gtest/tutorial_01_test.txt" "--command" "/home/ubuntu/ros2_study/gtest/tutorials/tutorial_01/build/tutorial_01/tutorial_01_test" "--gtest_output=xml:/home/ubuntu/ros2_study/gtest/tutorials/tutorial_01/build/tutorial_01/test_results/tutorial_01/tutorial_01_test.gtest.xml"</Value>
				</NamedMeasurement>
				<NamedMeasurement type="text/string" name="Environment">
					<Value>#CTEST_RESOURCE_GROUP_COUNT=</Value>
				</NamedMeasurement>
				<Measurement>
					<Value>-- run_test.py: invoking following command in '/home/ubuntu/ros2_study/gtest/tutorials/tutorial_01/build/tutorial_01':
 - /home/ubuntu/ros2_study/gtest/tutorials/tutorial_01/build/tutorial_01/tutorial_01_test --gtest_output=xml:/home/ubuntu/ros2_study/gtest/tutorials/tutorial_01/build/tutorial_01/test_results/tutorial_01/tutorial_01_test.gtest.xml
[==========] Running 1 test from 1 test suite.
[----------] Global test environment set-up.
[----------] 1 test from package_name
[ RUN      ] package_name.a_first_test
[       OK ] package_name.a_first_test (0 ms)
[----------] 1 test from package_name (0 ms total)

[----------] Global test environment tear-down
[==========] 1 test from 1 test suite ran. (0 ms total)
[  PASSED  ] 1 test.
-- run_test.py: return code 0
-- run_test.py: inject classname prefix into gtest result file '/home/ubuntu/ros2_study/gtest/tutorials/tutorial_01/build/tutorial_01/test_results/tutorial_01/tutorial_01_test.gtest.xml'
-- run_test.py: verify result file '/home/ubuntu/ros2_study/gtest/tutorials/tutorial_01/build/tutorial_01/test_results/tutorial_01/tutorial_01_test.gtest.xml'
</Value>
				</Measurement>
			</Results>
			<Labels>
				<Label>gtest</Label>
			</Labels>
		</Test>
		<EndDateTime>Nov 04 20:10 KST</EndDateTime>
		<EndTestTime>1762254610</EndTestTime>
		<ElapsedMinutes>0</ElapsedMinutes>
	</Testing>
</Site>
