Start testing: Nov 04 20:10 KST
----------------------------------------------------------
1/1 Testing: tutorial_01_test
1/1 Test: tutorial_01_test
Command: "/usr/bin/python3" "-u" "/opt/ros/humble/share/ament_cmake_test/cmake/run_test.py" "/home/ubuntu/ros2_study/gtest/tutorials/tutorial_01/build/tutorial_01/test_results/tutorial_01/tutorial_01_test.gtest.xml" "--package-name" "tutorial_01" "--output-file" "/home/ubuntu/ros2_study/gtest/tutorials/tutorial_01/build/tutorial_01/ament_cmake_gtest/tutorial_01_test.txt" "--command" "/home/ubuntu/ros2_study/gtest/tutorials/tutorial_01/build/tutorial_01/tutorial_01_test" "--gtest_output=xml:/home/ubuntu/ros2_study/gtest/tutorials/tutorial_01/build/tutorial_01/test_results/tutorial_01/tutorial_01_test.gtest.xml"
Directory: /home/ubuntu/ros2_study/gtest/tutorials/tutorial_01/build/tutorial_01
"tutorial_01_test" start time: Nov 04 20:10 KST
Output:
----------------------------------------------------------
-- run_test.py: invoking following command in '/home/ubuntu/ros2_study/gtest/tutorials/tutorial_01/build/tutorial_01':
 - /home/ubuntu/ros2_study/gtest/tutorials/tutorial_01/build/tutorial_01/tutorial_01_test --gtest_output=xml:/home/ubuntu/ros2_study/gtest/tutorials/tutorial_01/build/tutorial_01/test_results/tutorial_01/tutorial_01_test.gtest.xml
[==========] Running 1 test from 1 test suite.
[----------] Global test environment set-up.
[----------] 1 test from package_name
[ RUN      ] package_name.a_first_test
[       OK ] package_name.a_first_test (0 ms)
[----------] 1 test from package_name (0 ms total)

[----------] Global test environment tear-down
[==========] 1 test from 1 test suite ran. (0 ms total)
[  PASSED  ] 1 test.
-- run_test.py: return code 0
-- run_test.py: inject classname prefix into gtest result file '/home/ubuntu/ros2_study/gtest/tutorials/tutorial_01/build/tutorial_01/test_results/tutorial_01/tutorial_01_test.gtest.xml'
-- run_test.py: verify result file '/home/ubuntu/ros2_study/gtest/tutorials/tutorial_01/build/tutorial_01/test_results/tutorial_01/tutorial_01_test.gtest.xml'
<end of output>
Test time =   0.10 sec
----------------------------------------------------------
Test Passed.
"tutorial_01_test" end time: Nov 04 20:10 KST
"tutorial_01_test" time elapsed: 00:00:00
----------------------------------------------------------

End testing: Nov 04 20:10 KST

gtest =   0.10 sec*proc

